<?xml version="1.0" encoding="UTF-8"?>
<!-- Generated by org.testng.reporters.JUnitReportReporter -->
<testsuite hostname="INGURSHD0001" failures="0" tests="2" name="com.gitRepo.testCases.TC_CreateIssue_002" time="14.336" errors="0" timestamp="2020-03-08T17:34:17 IST" skipped="0">
  <testcase classname="com.gitRepo.testCases.TC_CreateIssue_002" name="submitIssue" time="7.051"/>
  <testcase classname="com.gitRepo.testCases.TC_CreateIssue_002" name="submitIssue" time="7.285"/>
</testsuite> <!-- com.gitRepo.testCases.TC_CreateIssue_002 -->
