<?xml version="1.0" encoding="UTF-8"?>
<!-- Generated by org.testng.reporters.JUnitReportReporter -->
<testsuite hostname="INGURSHD0001" failures="0" tests="1" name="com.gitRepo.testCases.TC_CreateRepo_001" time="4.102" errors="0" timestamp="2020-03-08T17:34:17 IST" skipped="0">
  <testcase classname="com.gitRepo.testCases.TC_CreateRepo_001" name="createRepo" time="4.102"/>
</testsuite> <!-- com.gitRepo.testCases.TC_CreateRepo_001 -->
