<?xml version="1.0" encoding="UTF-8"?>
<!-- Generated by org.testng.reporters.JUnitReportReporter -->
<testsuite hostname="INGURSHD0001" failures="0" tests="1" name="com.gitRepo.testCases.TC_DeleteRepo_005" time="12.848" errors="0" timestamp="2020-03-08T17:39:31 IST" skipped="0">
  <testcase classname="com.gitRepo.testCases.TC_DeleteRepo_005" name="delRepository" time="12.848"/>
</testsuite> <!-- com.gitRepo.testCases.TC_DeleteRepo_005 -->
