<?xml version="1.0" encoding="UTF-8"?>
<!-- Generated by org.testng.reporters.JUnitReportReporter -->
<testsuite hostname="INGURSHD0001" failures="0" tests="1" name="com.gitRepo.testCases.AddCommentMentionIssue" time="23.026" errors="0" timestamp="2020-03-08T00:55:45 IST" skipped="0">
  <testcase classname="com.gitRepo.testCases.AddCommentMentionIssue" name="submitComment" time="23.026"/>
</testsuite> <!-- com.gitRepo.testCases.AddCommentMentionIssue -->
