<?xml version="1.0" encoding="UTF-8"?>
<!-- Generated by org.testng.reporters.JUnitReportReporter -->
<testsuite hostname="INGURSHD0001" failures="0" tests="2" name="com.gitRepo.testCases.TC_AddComment_003" time="16.601" errors="0" timestamp="2020-03-08T17:34:17 IST" skipped="0">
  <testcase classname="com.gitRepo.testCases.TC_AddComment_003" name="submitComment" time="8.907"/>
  <testcase classname="com.gitRepo.testCases.TC_AddComment_003" name="submitComment" time="7.694"/>
</testsuite> <!-- com.gitRepo.testCases.TC_AddComment_003 -->
