<?xml version="1.0" encoding="UTF-8"?>
<!-- Generated by org.testng.reporters.JUnitReportReporter -->
<testsuite hostname="INGURSHD0001" failures="0" tests="1" name="com.gitRepo.testCases.TC_AddCommentMentionIssue_004" time="13.120" errors="0" timestamp="2020-03-08T17:36:53 IST" skipped="0">
  <testcase classname="com.gitRepo.testCases.TC_AddCommentMentionIssue_004" name="submitComment" time="13.120"/>
</testsuite> <!-- com.gitRepo.testCases.TC_AddCommentMentionIssue_004 -->
